<?xml version="1.0" encoding="UTF-8"?>
<!-- Generated by org.testng.reporters.JUnitReportReporter -->
<testsuite skipped="2" hostname="AMIT-PC" name="MylesBooking.BookingInMyles" tests="3" failures="0" timestamp="16 Oct 2018 07:05:39 GMT" time="571.675" errors="0">
  <testcase name="MylesBooking" time="571.675" classname="MylesBooking.BookingInMyles"/>
  <testcase name="MylesCancelBooking" classname="MylesBooking.BookingInMyles">
    <skipped/>
  </testcase> <!-- MylesCancelBooking -->
  <testcase name="MylesExtension" classname="MylesBooking.BookingInMyles">
    <skipped/>
  </testcase> <!-- MylesExtension -->
</testsuite> <!-- MylesBooking.BookingInMyles -->
