<?xml version="1.0" encoding="UTF-8"?>
<!-- Generated by org.testng.reporters.JUnitReportReporter -->
<testsuite hostname="AMIT-PC" name="Explore.ExploreScripts" tests="1" failures="0" timestamp="16 Dec 2018 06:33:22 GMT" time="333.866" errors="0">
  <testcase name="fn_ExploreCancel" time="333.866" classname="Explore.ExploreScripts"/>
</testsuite> <!-- Explore.ExploreScripts -->
